<?xml version="1.0" encoding="UTF-8" ?>
<testsuite tests="1" failures="1" name="org.superbiz.injection.EjbDependencyTest" time="0.954" errors="0" skipped="0">
  <properties>
    <property name="java.runtime.name" value="Java(TM) SE Runtime Environment"/>
    <property name="sun.boot.library.path" value="C:\Program Files\Java\jdk1.8.0_45\jre\bin"/>
    <property name="java.vm.version" value="25.45-b02"/>
    <property name="java.vm.vendor" value="Oracle Corporation"/>
    <property name="java.vendor.url" value="http://java.oracle.com/"/>
    <property name="path.separator" value=";"/>
    <property name="guice.disable.misplaced.annotation.check" value="true"/>
    <property name="java.vm.name" value="Java HotSpot(TM) 64-Bit Server VM"/>
    <property name="file.encoding.pkg" value="sun.io"/>
    <property name="user.script" value=""/>
    <property name="user.country" value="US"/>
    <property name="sun.java.launcher" value="SUN_STANDARD"/>
    <property name="sun.os.patch.level" value=""/>
    <property name="java.vm.specification.name" value="Java Virtual Machine Specification"/>
    <property name="user.dir" value="C:\Users\Tony\DTCC_fall_2015\injection-of-ejbs"/>
    <property name="java.runtime.version" value="1.8.0_45-b15"/>
    <property name="java.awt.graphicsenv" value="sun.awt.Win32GraphicsEnvironment"/>
    <property name="java.endorsed.dirs" value="C:\Program Files\Java\jdk1.8.0_45\jre\lib\endorsed"/>
    <property name="os.arch" value="amd64"/>
    <property name="java.io.tmpdir" value="C:\Users\Tony\AppData\Local\Temp\"/>
    <property name="line.separator" value="
"/>
    <property name="java.vm.specification.vendor" value="Oracle Corporation"/>
    <property name="user.variant" value=""/>
    <property name="os.name" value="Windows 8.1"/>
    <property name="classworlds.conf" value="C:\Users\Tony\DTCC_fall_2015\.metadata\.plugins\org.eclipse.m2e.launching\launches\m2conf1523287231864948602.tmp"/>
    <property name="sun.jnu.encoding" value="Cp1252"/>
    <property name="java.library.path" value="C:\Program Files\Java\jdk1.8.0_45\bin;C:\Windows\Sun\Java\bin;C:\Windows\system32;C:\Windows;C:/Program Files (x86)/Java/jre7/bin/client;C:/Program Files (x86)/Java/jre7/bin;C:/Program Files (x86)/Java/jre7/lib/i386;C:\ProgramData\Oracle\Java\javapath;C:\Users\Tony\Downloads\nasm-2.11.06;C:\Program Files (x86)\Perl\site\bin;C:\Program Files (x86)\Perl\bin;C:\Program Files (x86)\Intel\iCLS Client\;C:\Program Files\Intel\iCLS Client\;C:\Windows\system32;C:\Windows;C:\Windows\System32\Wbem;C:\Windows\System32\WindowsPowerShell\v1.0\;C:\Program Files\Hewlett-Packard\SimplePass\;C:\Program Files\Intel\Intel(R) Management Engine Components\DAL;C:\Program Files\Intel\Intel(R) Management Engine Components\IPT;C:\Program Files (x86)\Intel\Intel(R) Management Engine Components\DAL;C:\Program Files (x86)\Intel\Intel(R) Management Engine Components\IPT;C:\Program Files\java\jdk1.8.0_45\bin;C:\Program Files\Microsoft SQL Server\110\Tools\Binn\;C:\Program Files (x86)\MySQL\MySQL Server 5.5\bin;C:\Program Files (x86)\Skype\Phone\;C:\Program Files (x86)\GNU\GnuPG;c:\opt\Maven\apache-maven-3.2.5\bin;C:\opt\eclipse-jee-luna-R-win32\eclipse;;."/>
    <property name="java.specification.name" value="Java Platform API Specification"/>
    <property name="java.class.version" value="52.0"/>
    <property name="sun.management.compiler" value="HotSpot 64-Bit Tiered Compilers"/>
    <property name="os.version" value="6.3"/>
    <property name="user.home" value="C:\Users\Tony"/>
    <property name="user.timezone" value="America/New_York"/>
    <property name="java.awt.printerjob" value="sun.awt.windows.WPrinterJob"/>
    <property name="java.specification.version" value="1.8"/>
    <property name="file.encoding" value="Cp1252"/>
    <property name="user.name" value="Tony"/>
    <property name="java.class.path" value="/C:/opt/eclipse-jee-luna-R-win32/eclipse/plugins/org.eclipse.m2e.maven.runtime_1.5.0.20140605-2032/jars/plexus-classworlds-2.5.1.jar"/>
    <property name="org.slf4j.simpleLogger.defaultLogLevel" value="info"/>
    <property name="java.vm.specification.version" value="1.8"/>
    <property name="sun.arch.data.model" value="64"/>
    <property name="java.home" value="C:\Program Files\Java\jdk1.8.0_45\jre"/>
    <property name="sun.java.command" value="org.codehaus.plexus.classworlds.launcher.Launcher -B install"/>
    <property name="java.specification.vendor" value="Oracle Corporation"/>
    <property name="user.language" value="en"/>
    <property name="awt.toolkit" value="sun.awt.windows.WToolkit"/>
    <property name="java.vm.info" value="mixed mode"/>
    <property name="java.version" value="1.8.0_45"/>
    <property name="java.ext.dirs" value="C:\Program Files\Java\jdk1.8.0_45\jre\lib\ext;C:\Windows\Sun\Java\lib\ext"/>
    <property name="sun.boot.class.path" value="C:\Program Files\Java\jdk1.8.0_45\jre\lib\resources.jar;C:\Program Files\Java\jdk1.8.0_45\jre\lib\rt.jar;C:\Program Files\Java\jdk1.8.0_45\jre\lib\sunrsasign.jar;C:\Program Files\Java\jdk1.8.0_45\jre\lib\jsse.jar;C:\Program Files\Java\jdk1.8.0_45\jre\lib\jce.jar;C:\Program Files\Java\jdk1.8.0_45\jre\lib\charsets.jar;C:\Program Files\Java\jdk1.8.0_45\jre\lib\jfr.jar;C:\Program Files\Java\jdk1.8.0_45\jre\classes"/>
    <property name="java.vendor" value="Oracle Corporation"/>
    <property name="maven.home" value="C:\Users\Tony\DTCC_fall_2015\injection-of-ejbs\EMBEDDED"/>
    <property name="file.separator" value="\"/>
    <property name="java.vendor.url.bug" value="http://bugreport.sun.com/bugreport/"/>
    <property name="sun.cpu.endian" value="little"/>
    <property name="sun.io.unicode.encoding" value="UnicodeLittle"/>
    <property name="sun.desktop" value="windows"/>
    <property name="sun.cpu.isalist" value="amd64"/>
  </properties>
  <testcase classname="org.superbiz.injection.EjbDependencyTest" name="test" time="0.954">
    <failure type="junit.framework.AssertionFailedError">junit.framework.AssertionFailedError
	at junit.framework.Assert.fail(Assert.java:55)
	at junit.framework.Assert.assertTrue(Assert.java:22)
	at junit.framework.Assert.assertNotNull(Assert.java:256)
	at junit.framework.Assert.assertNotNull(Assert.java:248)
	at junit.framework.TestCase.assertNotNull(TestCase.java:417)
	at org.superbiz.injection.EjbDependencyTest.test(EjbDependencyTest.java:39)
	at sun.reflect.NativeMethodAccessorImpl.invoke0(Native Method)
	at sun.reflect.NativeMethodAccessorImpl.invoke(NativeMethodAccessorImpl.java:62)
	at sun.reflect.DelegatingMethodAccessorImpl.invoke(DelegatingMethodAccessorImpl.java:43)
	at java.lang.reflect.Method.invoke(Method.java:497)
	at junit.framework.TestCase.runTest(TestCase.java:176)
	at junit.framework.TestCase.runBare(TestCase.java:141)
	at junit.framework.TestResult$1.protect(TestResult.java:122)
	at junit.framework.TestResult.runProtected(TestResult.java:142)
	at junit.framework.TestResult.run(TestResult.java:125)
	at junit.framework.TestCase.run(TestCase.java:129)
	at junit.framework.TestSuite.runTest(TestSuite.java:252)
	at junit.framework.TestSuite.run(TestSuite.java:247)
	at org.junit.internal.runners.JUnit38ClassRunner.run(JUnit38ClassRunner.java:86)
	at org.apache.maven.surefire.junit4.JUnit4Provider.execute(JUnit4Provider.java:252)
	at org.apache.maven.surefire.junit4.JUnit4Provider.executeTestSet(JUnit4Provider.java:141)
	at org.apache.maven.surefire.junit4.JUnit4Provider.invoke(JUnit4Provider.java:112)
	at sun.reflect.NativeMethodAccessorImpl.invoke0(Native Method)
	at sun.reflect.NativeMethodAccessorImpl.invoke(NativeMethodAccessorImpl.java:62)
	at sun.reflect.DelegatingMethodAccessorImpl.invoke(DelegatingMethodAccessorImpl.java:43)
	at java.lang.reflect.Method.invoke(Method.java:497)
	at org.apache.maven.surefire.util.ReflectionUtils.invokeMethodWithArray(ReflectionUtils.java:189)
	at org.apache.maven.surefire.booter.ProviderFactory$ProviderProxy.invoke(ProviderFactory.java:165)
	at org.apache.maven.surefire.booter.ProviderFactory.invokeProvider(ProviderFactory.java:85)
	at org.apache.maven.surefire.booter.ForkedBooter.runSuitesInProcess(ForkedBooter.java:115)
	at org.apache.maven.surefire.booter.ForkedBooter.main(ForkedBooter.java:75)
</failure>
    <system-out>INFO - ********************************************************************************
INFO - OpenEJB http://tomee.apache.org/
INFO - Startup: Sat Oct 03 11:27:24 EDT 2015
INFO - Copyright 1999-2015 (C) Apache OpenEJB Project, All Rights Reserved.
INFO - Version: 7.0.0-SNAPSHOT
INFO - Build date: 20151003
INFO - Build time: 04:07
INFO - ********************************************************************************
INFO - openejb.home = C:\Users\Tony\DTCC_fall_2015\injection-of-ejbs
INFO - openejb.base = C:\Users\Tony\DTCC_fall_2015\injection-of-ejbs
INFO - Created new singletonService org.apache.openejb.cdi.ThreadSingletonServiceImpl@56cbfb61
INFO - Succeeded in installing singleton service
INFO - Using &apos;javax.ejb.embeddable.EJBContainer=true&apos;
INFO - Cannot find the configuration file [conf/openejb.xml].  Will attempt to create one for the beans deployed.
INFO - Configuring Service(id=Default Security Service, type=SecurityService, provider-id=Default Security Service)
INFO - Configuring Service(id=Default Transaction Manager, type=TransactionManager, provider-id=Default Transaction Manager)
INFO - Creating TransactionManager(id=Default Transaction Manager)
INFO - Creating SecurityService(id=Default Security Service)
INFO - Found EjbModule in classpath: c:\users\tony\dtcc_fall_2015\injection-of-ejbs\target\classes
INFO - Beginning load: c:\users\tony\dtcc_fall_2015\injection-of-ejbs\target\classes
INFO - Configuring enterprise application: C:\Users\Tony\DTCC_fall_2015\injection-of-ejbs
INFO - Auto-deploying ejb DataStore: EjbDeployment(deployment-id=DataStore)
INFO - Auto-deploying ejb DataReader: EjbDeployment(deployment-id=DataReader)
INFO - Configuring Service(id=Default Stateless Container, type=Container, provider-id=Default Stateless Container)
INFO - Auto-creating a container for bean DataStore: Container(type=STATELESS, id=Default Stateless Container)
INFO - Creating Container(id=Default Stateless Container)
INFO - Configuring Service(id=Default Managed Container, type=Container, provider-id=Default Managed Container)
INFO - Auto-creating a container for bean org.superbiz.injection.EjbDependencyTest: Container(type=MANAGED, id=Default Managed Container)
INFO - Creating Container(id=Default Managed Container)
INFO - Using directory C:\Users\Tony\AppData\Local\Temp for stateful session passivation
INFO - Configuring Service(id=comp/DefaultManagedExecutorService, type=Resource, provider-id=Default Executor Service)
INFO - Auto-creating a Resource with id &apos;comp/DefaultManagedExecutorService&apos; of type &apos;javax.enterprise.concurrent.ManagedExecutorService for &apos;EjbModule1702940637.Comp1073763441&apos;.
INFO - Auto-linking resource-env-ref &apos;java:comp/DefaultManagedExecutorService&apos; in bean EjbModule1702940637.Comp1073763441 to Resource(id=comp/DefaultManagedExecutorService)
INFO - Configuring Service(id=comp/DefaultManagedScheduledExecutorService, type=Resource, provider-id=Default Scheduled Executor Service)
INFO - Auto-creating a Resource with id &apos;comp/DefaultManagedScheduledExecutorService&apos; of type &apos;javax.enterprise.concurrent.ManagedScheduledExecutorService for &apos;EjbModule1702940637.Comp1073763441&apos;.
INFO - Auto-linking resource-env-ref &apos;java:comp/DefaultManagedScheduledExecutorService&apos; in bean EjbModule1702940637.Comp1073763441 to Resource(id=comp/DefaultManagedScheduledExecutorService)
INFO - Configuring Service(id=comp/DefaultManagedThreadFactory, type=Resource, provider-id=Default Managed Thread Factory)
INFO - Auto-creating a Resource with id &apos;comp/DefaultManagedThreadFactory&apos; of type &apos;javax.enterprise.concurrent.ManagedThreadFactory for &apos;EjbModule1702940637.Comp1073763441&apos;.
INFO - Auto-linking resource-env-ref &apos;java:comp/DefaultManagedThreadFactory&apos; in bean EjbModule1702940637.Comp1073763441 to Resource(id=comp/DefaultManagedThreadFactory)
INFO - Enterprise application &quot;C:\Users\Tony\DTCC_fall_2015\injection-of-ejbs&quot; loaded.
INFO - Assembling app: C:\Users\Tony\DTCC_fall_2015\injection-of-ejbs
INFO - Jndi(name=&quot;java:global/injection-of-ejbs/DataStore!org.superbiz.injection.DataStore&quot;)
INFO - Jndi(name=&quot;java:global/injection-of-ejbs/DataStore!org.superbiz.injection.DataStoreLocal&quot;)
INFO - Jndi(name=&quot;java:global/injection-of-ejbs/DataStore!org.superbiz.injection.DataStoreRemote&quot;)
INFO - Jndi(name=&quot;java:global/injection-of-ejbs/DataStore&quot;)
INFO - Jndi(name=&quot;java:global/injection-of-ejbs/DataReader!org.superbiz.injection.DataReader&quot;)
INFO - Jndi(name=&quot;java:global/injection-of-ejbs/DataReader&quot;)
INFO - Existing thread singleton service in SystemInstance(): org.apache.openejb.cdi.ThreadSingletonServiceImpl@56cbfb61
INFO - OpenWebBeans Container is starting...
INFO - Adding OpenWebBeansPlugin : [CdiPlugin]
INFO - All injection points were validated successfully.
INFO - OpenWebBeans Container has started, it took 114 ms.
INFO - Created Ejb(deployment-id=DataReader, ejb-name=DataReader, container=Default Stateless Container)
INFO - Created Ejb(deployment-id=DataStore, ejb-name=DataStore, container=Default Stateless Container)
INFO - Started Ejb(deployment-id=DataReader, ejb-name=DataReader, container=Default Stateless Container)
INFO - Started Ejb(deployment-id=DataStore, ejb-name=DataStore, container=Default Stateless Container)
INFO - Deployed Application(path=C:\Users\Tony\DTCC_fall_2015\injection-of-ejbs)
</system-out>
  </testcase>
</testsuite>